Arguments: 
  /usr/local/bin/node /usr/local/bin/yarn add @react-native-community

PATH: 
  /Users/thinh/.local/share/solana/install/active_release/bin:/Library/Frameworks/Python.framework/Versions/3.9/bin:/opt/homebrew/bin:/opt/homebrew/sbin:/usr/local/bin:/usr/bin:/bin:/usr/sbin:/sbiN:/Users/thinh/Downloads/chromedriver:/usr/local/share/dotnet:~/.dotnet/tools:/Library/Apple/usr/bin:/Library/Frameworks/Mono.framework/Versions/Current/Commands:/Users/thinh/.cargo/bin:/Users/thinh/.fig/bin:/Users/thinh/.local/bin

Yarn version: 
  1.22.10

Node version: 
  14.18.2

Platform: 
  darwin x64

Trace: 
  Error: https://registry.yarnpkg.com/@react-native-community: Request "https://registry.yarnpkg.com/@react-native-community" returned a 405
      at Request.params.callback [as _callback] (/usr/local/lib/node_modules/yarn/lib/cli.js:66997:18)
      at Request.self.callback (/usr/local/lib/node_modules/yarn/lib/cli.js:140662:22)
      at Request.emit (events.js:400:28)
      at Request.<anonymous> (/usr/local/lib/node_modules/yarn/lib/cli.js:141634:10)
      at Request.emit (events.js:400:28)
      at IncomingMessage.<anonymous> (/usr/local/lib/node_modules/yarn/lib/cli.js:141556:12)
      at Object.onceWrapper (events.js:519:28)
      at IncomingMessage.emit (events.js:412:35)
      at endReadableNT (internal/streams/readable.js:1334:12)
      at processTicksAndRejections (internal/process/task_queues.js:82:21)

npm manifest: 
  {
    "name": "credit-app",
    "version": "1.0.0",
    "main": "node_modules/expo/AppEntry.js",
    "scripts": {
      "dev": "expo start",
      "start": "expo start",
      "android": "expo start --android",
      "ios": "expo start --ios",
      "web": "expo start --web",
      "eject": "expo eject",
      "test": "jest --watchAll"
    },
    "jest": {
      "preset": "jest-expo"
    },
    "dependencies": {
      "@expo/vector-icons": "^13.0.0",
      "@react-navigation/bottom-tabs": "^6.3.1",
      "@react-navigation/drawer": "^6.4.1",
      "@react-navigation/native": "^6.0.10",
      "@react-navigation/native-stack": "^6.6.2",
      "@react-navigation/stack": "^6.2.1",
      "axios": "^0.27.2",
      "expo": "^45.0.4",
      "expo-asset": "~8.5.0",
      "expo-cli": "^5.4.8",
      "expo-constants": "~13.1.1",
      "expo-font": "~10.1.0",
      "expo-linear-gradient": "~11.3.0",
      "expo-linking": "~3.1.0",
      "expo-splash-screen": "~0.15.1",
      "expo-status-bar": "~1.3.0",
      "expo-system-ui": "~1.2.0",
      "expo-updates": "^0.13.2",
      "expo-web-browser": "~10.2.0",
      "formik": "^2.2.9",
      "moti": "^0.18.0",
      "nanoid": "^3.3.4",
      "native-base": "^3.4.5",
      "react": "17.0.2",
      "react-dom": "17.0.2",
      "react-form-hook": "^0.0.1",
      "react-hook-form": "^7.31.2",
      "react-native": "^0.68.2",
      "react-native-checkbox-reanimated": "^0.1.1",
      "react-native-circular-progress-indicator": "^4.1.1",
      "react-native-gesture-handler": "~2.2.1",
      "react-native-get-random-values": "^1.8.0",
      "react-native-reanimated": "^2.8.0",
      "react-native-redash": "^16.3.0",
      "react-native-safe-area-context": "4.2.4",
      "react-native-screens": "~3.11.1",
      "react-native-svg": "12.3.0",
      "react-native-web": "0.17.7",
      "react-redux": "^8.0.1",
      "redux": "4.1.2",
      "redux-saga": "^1.1.3",
      "short-id": "^0.1.0-1",
      "shortid": "^2.2.16",
      "yarn": "^1.22.18"
    },
    "devDependencies": {
      "@babel/core": "^7.12.9",
      "@types/react": "~17.0.21",
      "@types/react-native": "~0.66.13",
      "@types/redux": "^3.6.0",
      "babel-plugin-module-resolver": "^4.1.0",
      "jest": "^26.6.3",
      "jest-expo": "~45.0.0",
      "react-test-renderer": "17.0.2",
      "typescript": "~4.3.5"
    },
    "private": true
  }

yarn manifest: 
  No manifest

Lockfile: 
  No lockfile
